<?xml version="1.0" encoding="UTF-8"?>
<!-- Generated by org.testng.reporters.JUnitXMLReporter -->
<testsuite ignored="1" hostname="Dhaneesh-MacBook-Pro.local" failures="1" tests="6" name="Car Loan" time="0.021" errors="0" timestamp="2023-05-04T16:36:07 IST">
  <testcase classname="test.day3" name="MobilelsigninCarLoan" time="0.003"/>
  <testcase classname="test.day3" name="MobilesignoutCarLoan" time="0.001">
    <failure type="java.lang.AssertionError" message="expected [true] but found [false]">
      <![CDATA[java.lang.AssertionError: expected [true] but found [false]
at test.day3.MobilesignoutCarLoan(day3.java:47)
at java.base/java.util.ArrayList.forEach(ArrayList.java:1511)
at java.base/java.util.concurrent.FutureTask.run(FutureTask.java:264)
at java.base/java.util.concurrent.ThreadPoolExecutor.runWorker(ThreadPoolExecutor.java:1136)
at java.base/java.util.concurrent.ThreadPoolExecutor$Worker.run(ThreadPoolExecutor.java:635)
at java.base/java.lang.Thread.run(Thread.java:833)
... Removed 22 stack frames]]>
    </failure>
  </testcase> <!-- MobilesignoutCarLoan -->
  <testcase classname="test.day3" name="webloginCarLoan" time="0.001"/>
  <testcase classname="test.day3" name="webloginCarLoan" time="0.001"/>
  <testcase classname="test.day3" name="webloginCarLoan" time="0.0"/>
  <testcase classname="test.day3" name="MobileloginCarLoan" time="0.0"/>
  <testcase classname="test.day3" name="APIloginCarLoan" time="0.0">
    <ignored/>
  </testcase> <!-- APIloginCarLoan -->
</testsuite> <!-- Car Loan -->
